AWT is not properly configured on this server. Perhaps you need to run your container with "-Djava.awt.headless=true"? See also: https://jenkins.io/redirect/troubleshooting/java.awt.headless

java.lang.NullPointerException
	at java.desktop/sun.awt.FontConfiguration.getVersion(FontConfiguration.java:1262)
	at java.desktop/sun.awt.FontConfiguration.readFontConfigFile(FontConfiguration.java:225)
	at java.desktop/sun.awt.FontConfiguration.init(FontConfiguration.java:107)
	at java.desktop/sun.awt.X11FontManager.createFontConfiguration(X11FontManager.java:719)
	at java.desktop/sun.font.SunFontManager$2.run(SunFontManager.java:367)
	at java.base/java.security.AccessController.doPrivileged(Native Method)
	at java.desktop/sun.font.SunFontManager.<init>(SunFontManager.java:312)
	at java.desktop/sun.awt.FcFontManager.<init>(FcFontManager.java:35)
	at java.desktop/sun.awt.X11FontManager.<init>(X11FontManager.java:56)
Caused: java.lang.reflect.InvocationTargetException
	at java.base/jdk.internal.reflect.NativeConstructorAccessorImpl.newInstance0(Native Method)
	at java.base/jdk.internal.reflect.NativeConstructorAccessorImpl.newInstance(NativeConstructorAccessorImpl.java:62)
	at java.base/jdk.internal.reflect.DelegatingConstructorAccessorImpl.newInstance(DelegatingConstructorAccessorImpl.java:45)
	at java.base/java.lang.reflect.Constructor.newInstance(Constructor.java:490)
	at java.desktop/sun.font.FontManagerFactory$1.run(FontManagerFactory.java:84)
Caused: java.lang.InternalError
	at java.desktop/sun.font.FontManagerFactory$1.run(FontManagerFactory.java:86)
	at java.base/java.security.AccessController.doPrivileged(Native Method)
	at java.desktop/sun.font.FontManagerFactory.getInstance(FontManagerFactory.java:74)
	at java.desktop/java.awt.Font.getFont2D(Font.java:497)
	at java.desktop/java.awt.Font.getFamily(Font.java:1410)
	at java.desktop/java.awt.Font.getFamily_NoClientCode(Font.java:1384)
	at java.desktop/java.awt.Font.getFamily(Font.java:1376)
	at java.desktop/java.awt.Font.toString(Font.java:1869)
	at hudson.util.ChartUtil.<clinit>(ChartUtil.java:260)
	at hudson.WebAppMain.contextInitialized(WebAppMain.java:192)
	at org.eclipse.jetty.server.handler.ContextHandler.callContextInitialized(ContextHandler.java:957)
	at org.eclipse.jetty.servlet.ServletContextHandler.callContextInitialized(ServletContextHandler.java:553)
	at org.eclipse.jetty.server.handler.ContextHandler.startContext(ContextHandler.java:922)
	at org.eclipse.jetty.servlet.ServletContextHandler.startContext(ServletContextHandler.java:365)
	at org.eclipse.jetty.webapp.WebAppContext.startWebapp(WebAppContext.java:1497)
	at org.eclipse.jetty.webapp.WebAppContext.startContext(WebAppContext.java:1459)
	at org.eclipse.jetty.server.handler.ContextHandler.doStart(ContextHandler.java:852)
	at org.eclipse.jetty.servlet.ServletContextHandler.doStart(ServletContextHandler.java:278)
	at org.eclipse.jetty.webapp.WebAppContext.doStart(WebAppContext.java:545)
	at org.eclipse.jetty.util.component.AbstractLifeCycle.start(AbstractLifeCycle.java:68)
	at org.eclipse.jetty.util.component.ContainerLifeCycle.start(ContainerLifeCycle.java:167)
	at org.eclipse.jetty.server.Server.start(Server.java:418)
	at org.eclipse.jetty.util.component.ContainerLifeCycle.doStart(ContainerLifeCycle.java:110)
	at org.eclipse.jetty.server.handler.AbstractHandler.doStart(AbstractHandler.java:113)
	at org.eclipse.jetty.server.Server.doStart(Server.java:382)
	at org.eclipse.jetty.util.component.AbstractLifeCycle.start(AbstractLifeCycle.java:68)
	at winstone.Launcher.<init>(Launcher.java:187)
	at winstone.Launcher.main(Launcher.java:362)
	at java.base/jdk.internal.reflect.NativeMethodAccessorImpl.invoke0(Native Method)
	at java.base/jdk.internal.reflect.NativeMethodAccessorImpl.invoke(NativeMethodAccessorImpl.java:62)
	at java.base/jdk.internal.reflect.DelegatingMethodAccessorImpl.invoke(DelegatingMethodAccessorImpl.java:43)
	at java.base/java.lang.reflect.Method.invoke(Method.java:566)
	at Main._main(Main.java:375)
	at Main.main(Main.java:151)